Base path: /Applications/Unity/Unity.app/Contents
Pipe name: \\.\pipe\UnityShaderCompiler-1--1599118892
Cmd: getPlatforms
Cmd: preprocess
  insize=195 outsize=195 ok=1
Cmd: preprocess
  insize=1074 outsize=1444 ok=1
Cmd: preprocess
  insize=1080 outsize=1450 ok=1
Cmd: preprocess
  insize=1433 outsize=763 ok=1
Cmd: preprocess
  insize=1471 outsize=803 ok=1
Cmd: preprocess
  insize=187 outsize=187 ok=1
Cmd: preprocess
  insize=1494 outsize=826 ok=1
Cmd: preprocess
  insize=1376 outsize=708 ok=1
Cmd: preprocess
  insize=1041 outsize=1746 ok=1
Cmd: preprocess
  insize=1264 outsize=516 ok=1
Cmd: preprocess
  insize=1093 outsize=363 ok=1
Cmd: preprocess
  insize=901 outsize=1618 ok=1
Cmd: preprocess
  insize=1777 outsize=986 ok=1
Cmd: preprocess
  insize=1486 outsize=818 ok=1
